c:\users\brani\documents\phd\manualsegmentationtool\manualsegmentationtool\x64\debug\manualsegmentationtool.pch
c:\users\brani\documents\phd\manualsegmentationtool\manualsegmentationtool\x64\debug\vc141.pdb
c:\users\brani\documents\phd\manualsegmentationtool\manualsegmentationtool\x64\debug\vc141.idb
c:\users\brani\documents\phd\manualsegmentationtool\manualsegmentationtool\x64\debug\pch.obj
c:\users\brani\documents\phd\manualsegmentationtool\manualsegmentationtool\x64\debug\manualsegmentationtool.obj
c:\users\brani\documents\phd\manualsegmentationtool\manualsegmentationtool\x64\debug\imageprocessing.obj
c:\users\brani\documents\phd\manualsegmentationtool\manualsegmentationtool\x64\debug\segmentbypolygonfit.obj
c:\users\brani\documents\phd\manualsegmentationtool\manualsegmentationtool\x64\debug\mousecontrolfunctions.obj
c:\users\brani\documents\phd\manualsegmentationtool\manualsegmentationtool\x64\debug\application.obj
c:\users\brani\documents\phd\manualsegmentationtool\manualsegmentationtool\x64\debug\imgui_widgets.obj
c:\users\brani\documents\phd\manualsegmentationtool\manualsegmentationtool\x64\debug\imgui_impl_win32.obj
c:\users\brani\documents\phd\manualsegmentationtool\manualsegmentationtool\x64\debug\imgui_impl_dx9.obj
c:\users\brani\documents\phd\manualsegmentationtool\manualsegmentationtool\x64\debug\imgui_draw.obj
c:\users\brani\documents\phd\manualsegmentationtool\manualsegmentationtool\x64\debug\imgui.obj
c:\users\brani\documents\phd\manualsegmentationtool\manualsegmentationtool\x64\debug\vcpkg.applocal.log
c:\users\brani\documents\phd\manualsegmentationtool\x64\debug\opencv_core343d.dll
c:\users\brani\documents\phd\manualsegmentationtool\x64\debug\zlibd1.dll
c:\users\brani\documents\phd\manualsegmentationtool\x64\debug\opencv_imgcodecs343d.dll
c:\users\brani\documents\phd\manualsegmentationtool\x64\debug\opencv_imgproc343d.dll
c:\users\brani\documents\phd\manualsegmentationtool\x64\debug\jpeg62.dll
c:\users\brani\documents\phd\manualsegmentationtool\x64\debug\libpng16d.dll
c:\users\brani\documents\phd\manualsegmentationtool\x64\debug\tiffd.dll
c:\users\brani\documents\phd\manualsegmentationtool\x64\debug\lzma.dll
c:\users\brani\documents\phd\manualsegmentationtool\x64\debug\opencv_highgui343d.dll
c:\users\brani\documents\phd\manualsegmentationtool\x64\debug\opencv_videoio343d.dll
c:\users\brani\documents\phd\manualsegmentationtool\manualsegmentationtool\x64\debug\manualsegmentationtool.res
c:\users\brani\documents\phd\manualsegmentationtool\x64\debug\manualsegmentationtool.pdb
c:\users\brani\documents\phd\manualsegmentationtool\manualsegmentationtool\x64\debug\manualse.d43ada41.tlog\cl.command.1.tlog
c:\users\brani\documents\phd\manualsegmentationtool\manualsegmentationtool\x64\debug\manualse.d43ada41.tlog\cl.read.1.tlog
c:\users\brani\documents\phd\manualsegmentationtool\manualsegmentationtool\x64\debug\manualse.d43ada41.tlog\cl.write.1.tlog
c:\users\brani\documents\phd\manualsegmentationtool\manualsegmentationtool\x64\debug\manualse.d43ada41.tlog\link.10712-cvtres.read.1.tlog
c:\users\brani\documents\phd\manualsegmentationtool\manualsegmentationtool\x64\debug\manualse.d43ada41.tlog\link.10712-cvtres.write.1.tlog
c:\users\brani\documents\phd\manualsegmentationtool\manualsegmentationtool\x64\debug\manualse.d43ada41.tlog\link.10712-rc.read.1.tlog
c:\users\brani\documents\phd\manualsegmentationtool\manualsegmentationtool\x64\debug\manualse.d43ada41.tlog\link.10712-rc.write.1.tlog
c:\users\brani\documents\phd\manualsegmentationtool\manualsegmentationtool\x64\debug\manualse.d43ada41.tlog\link.10712.read.1.tlog
c:\users\brani\documents\phd\manualsegmentationtool\manualsegmentationtool\x64\debug\manualse.d43ada41.tlog\link.10712.write.1.tlog
c:\users\brani\documents\phd\manualsegmentationtool\manualsegmentationtool\x64\debug\manualse.d43ada41.tlog\link.command.1.tlog
c:\users\brani\documents\phd\manualsegmentationtool\manualsegmentationtool\x64\debug\manualse.d43ada41.tlog\link.read.1.tlog
c:\users\brani\documents\phd\manualsegmentationtool\manualsegmentationtool\x64\debug\manualse.d43ada41.tlog\link.write.1.tlog
c:\users\brani\documents\phd\manualsegmentationtool\manualsegmentationtool\x64\debug\manualse.d43ada41.tlog\manualsegmentationtool.write.1u.tlog
c:\users\brani\documents\phd\manualsegmentationtool\manualsegmentationtool\x64\debug\manualse.d43ada41.tlog\rc.command.1.tlog
c:\users\brani\documents\phd\manualsegmentationtool\manualsegmentationtool\x64\debug\manualse.d43ada41.tlog\rc.read.1.tlog
c:\users\brani\documents\phd\manualsegmentationtool\manualsegmentationtool\x64\debug\manualse.d43ada41.tlog\rc.write.1.tlog
